[2025-09-28 01:40:29] host start pid=826631
[2025-09-28 01:40:29] recv: {'type': 'resize', 'cols': 111, 'rows': 60}
[2025-09-28 01:40:29] recv: {'type': 'open', 'cols': 111, 'rows': 60}
[2025-09-28 01:40:29] Spawning shell: /bin/bash [111x60]
[2025-09-28 01:40:29] recv: {'type': 'resize', 'cols': 111, 'rows': 60}
[2025-09-28 01:40:40] recv: {'type': 'stdin', 'data_b64': 'bA=='}
[2025-09-28 01:40:40] recv: {'type': 'stdin', 'data_b64': 'cw=='}
[2025-09-28 01:40:41] recv: {'type': 'stdin', 'data_b64': 'DQ=='}
[2025-09-28 01:42:28] recv: {'type': 'stdin', 'data_b64': 'Yw=='}
[2025-09-28 01:42:28] recv: {'type': 'stdin', 'data_b64': 'ZA=='}
[2025-09-28 01:42:29] recv: {'type': 'stdin', 'data_b64': 'IA=='}
[2025-09-28 01:42:29] recv: {'type': 'stdin', 'data_b64': 'IQ=='}
[2025-09-28 01:42:30] recv: {'type': 'stdin', 'data_b64': 'DQ=='}
[2025-09-28 01:42:31] recv: {'type': 'stdin', 'data_b64': 'bA=='}
[2025-09-28 01:42:31] recv: {'type': 'stdin', 'data_b64': 'cw=='}
[2025-09-28 01:42:31] recv: {'type': 'stdin', 'data_b64': 'DQ=='}
[2025-09-28 01:42:33] recv: {'type': 'stdin', 'data_b64': 'Yw=='}
[2025-09-28 01:42:33] recv: {'type': 'stdin', 'data_b64': 'ZA=='}
[2025-09-28 01:42:33] recv: {'type': 'stdin', 'data_b64': 'IA=='}
[2025-09-28 01:42:33] recv: {'type': 'stdin', 'data_b64': 'fg=='}
[2025-09-28 01:42:34] recv: {'type': 'stdin', 'data_b64': 'DQ=='}
[2025-09-28 01:42:35] recv: {'type': 'stdin', 'data_b64': 'bA=='}
[2025-09-28 01:42:35] recv: {'type': 'stdin', 'data_b64': 'cw=='}
[2025-09-28 01:42:35] recv: {'type': 'stdin', 'data_b64': 'DQ=='}
[2025-09-28 01:42:54] recv: {'type': 'stdin', 'data_b64': 'ZQ=='}
[2025-09-28 01:42:54] recv: {'type': 'stdin', 'data_b64': 'eA=='}
[2025-09-28 01:42:54] recv: {'type': 'stdin', 'data_b64': 'aQ=='}
[2025-09-28 01:42:54] recv: {'type': 'stdin', 'data_b64': 'dA=='}
[2025-09-28 01:42:55] recv: {'type': 'stdin', 'data_b64': 'KA=='}
[2025-09-28 01:42:55] recv: {'type': 'stdin', 'data_b64': 'KQ=='}
[2025-09-28 01:42:55] recv: {'type': 'stdin', 'data_b64': 'DQ=='}
[2025-09-28 01:42:56] recv: {'type': 'stdin', 'data_b64': 'DQ=='}
[2025-09-28 01:42:57] recv: {'type': 'stdin', 'data_b64': 'DQ=='}
[2025-09-28 01:42:57] recv: {'type': 'stdin', 'data_b64': 'Aw=='}
[2025-09-28 01:43:01] recv: {'type': 'stdin', 'data_b64': 'ZA=='}
[2025-09-28 01:43:01] recv: {'type': 'stdin', 'data_b64': 'aw=='}
[2025-09-28 01:43:01] recv: {'type': 'stdin', 'data_b64': 'bA=='}
[2025-09-28 01:43:01] recv: {'type': 'stdin', 'data_b64': 'Zg=='}
[2025-09-28 01:43:01] recv: {'type': 'stdin', 'data_b64': 'ag=='}
[2025-09-28 01:43:01] recv: {'type': 'stdin', 'data_b64': 'fw=='}
[2025-09-28 01:43:01] recv: {'type': 'stdin', 'data_b64': 'fw=='}
[2025-09-28 01:43:01] recv: {'type': 'stdin', 'data_b64': 'fw=='}
[2025-09-28 01:43:02] recv: {'type': 'stdin', 'data_b64': 'fw=='}
[2025-09-28 01:43:02] recv: {'type': 'stdin', 'data_b64': 'fw=='}
[2025-09-28 01:43:02] recv: {'type': 'stdin', 'data_b64': 'fw=='}
[2025-09-28 01:43:02] recv: {'type': 'stdin', 'data_b64': 'fw=='}
[2025-09-28 01:54:45] recv: None
[2025-09-28 01:54:45] EOF from browser; exiting
[2025-09-28 01:57:35] host start pid=831036
[2025-09-28 01:57:35] recv: {'type': 'resize', 'cols': 111, 'rows': 60}
[2025-09-28 01:57:35] recv: {'type': 'open', 'cols': 111, 'rows': 60}
[2025-09-28 01:57:35] Spawning shell: /bin/bash [111x60]
[2025-09-28 01:57:35] recv: {'type': 'resize', 'cols': 111, 'rows': 60}
[2025-09-28 01:57:52] recv: {'type': 'stdin', 'data_b64': 'bA=='}
[2025-09-28 01:57:52] recv: {'type': 'stdin', 'data_b64': 'cw=='}
[2025-09-28 01:57:52] recv: {'type': 'stdin', 'data_b64': 'DQ=='}
[2025-09-28 01:58:18] recv: {'type': 'stdin', 'data_b64': 'cw=='}
[2025-09-28 01:58:18] recv: {'type': 'stdin', 'data_b64': 'dQ=='}
[2025-09-28 01:58:18] recv: {'type': 'stdin', 'data_b64': 'ZA=='}
[2025-09-28 01:58:19] recv: {'type': 'stdin', 'data_b64': 'bw=='}
[2025-09-28 01:58:19] recv: {'type': 'stdin', 'data_b64': 'IA=='}
[2025-09-28 01:58:19] recv: {'type': 'stdin', 'data_b64': 'YQ=='}
[2025-09-28 01:58:19] recv: {'type': 'stdin', 'data_b64': 'cA=='}
[2025-09-28 01:58:19] recv: {'type': 'stdin', 'data_b64': 'dA=='}
[2025-09-28 01:58:19] recv: {'type': 'stdin', 'data_b64': 'IA=='}
[2025-09-28 01:58:20] recv: {'type': 'stdin', 'data_b64': 'bA=='}
[2025-09-28 01:58:20] recv: {'type': 'stdin', 'data_b64': 'aQ=='}
[2025-09-28 01:58:20] recv: {'type': 'stdin', 'data_b64': 'cw=='}
[2025-09-28 01:58:20] recv: {'type': 'stdin', 'data_b64': 'dA=='}
[2025-09-28 01:58:21] recv: {'type': 'stdin', 'data_b64': 'DQ=='}
[2025-09-28 01:58:22] recv: {'type': 'stdin', 'data_b64': 'MQ=='}
[2025-09-28 01:58:22] recv: {'type': 'stdin', 'data_b64': 'Mg=='}
[2025-09-28 01:58:23] recv: {'type': 'stdin', 'data_b64': 'NA=='}
[2025-09-28 01:58:23] recv: {'type': 'stdin', 'data_b64': 'NQ=='}
[2025-09-28 01:58:23] recv: {'type': 'stdin', 'data_b64': 'DQ=='}
[2025-09-28 01:58:26] recv: {'type': 'stdin', 'data_b64': 'Aw=='}
[2025-09-28 01:58:28] recv: {'type': 'stdin', 'data_b64': 'Aw=='}
[2025-09-28 01:58:29] recv: {'type': 'stdin', 'data_b64': 'bA=='}
[2025-09-28 01:58:29] recv: {'type': 'stdin', 'data_b64': 'cw=='}
[2025-09-28 01:58:29] recv: {'type': 'stdin', 'data_b64': 'DQ=='}
[2025-09-28 01:58:31] recv: {'type': 'stdin', 'data_b64': 'bA=='}
[2025-09-28 01:58:31] recv: {'type': 'stdin', 'data_b64': 'cw=='}
[2025-09-28 01:58:31] recv: {'type': 'stdin', 'data_b64': 'DQ=='}
[2025-09-28 01:58:38] recv: {'type': 'stdin', 'data_b64': 'cw=='}
[2025-09-28 01:58:38] recv: {'type': 'stdin', 'data_b64': 'aA=='}
[2025-09-28 01:58:38] recv: {'type': 'stdin', 'data_b64': 'dQ=='}
[2025-09-28 01:58:38] recv: {'type': 'stdin', 'data_b64': 'dA=='}
[2025-09-28 01:58:39] recv: {'type': 'stdin', 'data_b64': 'fw=='}
[2025-09-28 01:58:39] recv: {'type': 'stdin', 'data_b64': 'fw=='}
[2025-09-28 01:58:40] recv: {'type': 'stdin', 'data_b64': 'fw=='}
[2025-09-28 01:58:40] recv: {'type': 'stdin', 'data_b64': 'fw=='}
[2025-09-28 01:58:40] recv: {'type': 'stdin', 'data_b64': 'fw=='}
[2025-09-28 01:58:41] recv: {'type': 'stdin', 'data_b64': 'ZQ=='}
[2025-09-28 01:58:42] recv: {'type': 'stdin', 'data_b64': 'Yw=='}
[2025-09-28 01:58:42] recv: {'type': 'stdin', 'data_b64': 'aA=='}
[2025-09-28 01:58:42] recv: {'type': 'stdin', 'data_b64': 'bw=='}
[2025-09-28 01:58:42] recv: {'type': 'stdin', 'data_b64': 'IA=='}
[2025-09-28 01:58:43] recv: {'type': 'stdin', 'data_b64': 'aA=='}
[2025-09-28 01:58:43] recv: {'type': 'stdin', 'data_b64': 'aQ=='}
[2025-09-28 01:58:43] recv: {'type': 'stdin', 'data_b64': 'DQ=='}
[2025-09-28 02:04:24] recv: None
[2025-09-28 02:04:24] EOF from browser; exiting
[2025-09-28 02:04:30] host start pid=832619
[2025-09-28 02:04:30] recv: {'type': 'resize', 'cols': 111, 'rows': 60}
[2025-09-28 02:04:30] recv: {'type': 'open', 'cols': 111, 'rows': 60}
[2025-09-28 02:04:30] Spawning shell: /bin/bash [111x60]
[2025-09-28 02:04:30] recv: {'type': 'resize', 'cols': 111, 'rows': 60}
[2025-09-28 02:09:08] recv: None
[2025-09-28 02:09:08] EOF from browser; exiting
[2025-09-28 02:09:48] host start pid=834522
[2025-09-28 02:09:48] recv: {'type': 'resize', 'cols': 111, 'rows': 60}
[2025-09-28 02:09:48] recv: {'type': 'open', 'cols': 111, 'rows': 60}
[2025-09-28 02:09:48] Spawning shell: /bin/bash [111x60]
[2025-09-28 02:09:48] recv: {'type': 'resize', 'cols': 111, 'rows': 60}
[2025-09-28 02:09:55] recv: None
[2025-09-28 02:09:55] EOF from browser; exiting
[2025-09-28 02:10:08] host start pid=834864
[2025-09-28 02:10:08] recv: {'type': 'resize', 'cols': 111, 'rows': 60}
[2025-09-28 02:10:08] recv: {'type': 'open', 'cols': 111, 'rows': 60}
[2025-09-28 02:10:08] Spawning shell: /bin/bash [111x60]
[2025-09-28 02:10:08] recv: {'type': 'resize', 'cols': 111, 'rows': 60}
[2025-09-28 02:20:40] recv: None
[2025-09-28 02:20:40] EOF from browser; exiting
[2025-09-28 02:21:05] host start pid=837394
[2025-09-28 02:21:05] recv: {'type': 'resize', 'cols': 111, 'rows': 60}
[2025-09-28 02:21:05] recv: {'type': 'stdin', 'data_b64': 'bHMK'}
[2025-09-28 02:21:05] recv: {'type': 'open', 'cols': 111, 'rows': 60}
[2025-09-28 02:21:05] Spawning shell: /bin/bash [111x60]
[2025-09-28 02:21:05] recv: {'type': 'resize', 'cols': 111, 'rows': 60}
[2025-09-28 02:31:38] recv: None
[2025-09-28 02:31:38] EOF from browser; exiting
[2025-09-28 02:32:04] host start pid=840005
[2025-09-28 02:32:04] recv: {'type': 'resize', 'cols': 111, 'rows': 60}
[2025-09-28 02:32:04] recv: {'type': 'open', 'cols': 111, 'rows': 60}
[2025-09-28 02:32:04] Spawning shell: /bin/bash [111x60]
[2025-09-28 02:32:04] recv: {'type': 'resize', 'cols': 111, 'rows': 60}
[2025-09-28 02:32:04] recv: {'type': 'stdin', 'data_b64': 'bHMK'}
[2025-09-28 02:32:18] recv: {'type': 'stdin', 'data_b64': 'bHMK'}
[2025-09-28 02:35:02] recv: None
[2025-09-28 02:35:02] EOF from browser; exiting
[2025-09-28 02:35:12] host start pid=840847
[2025-09-28 02:35:12] recv: {'type': 'resize', 'cols': 111, 'rows': 60}
[2025-09-28 02:35:12] recv: {'type': 'open', 'cols': 111, 'rows': 60}
[2025-09-28 02:35:12] Spawning shell: /bin/bash [111x60]
[2025-09-28 02:35:12] recv: {'type': 'resize', 'cols': 111, 'rows': 60}
[2025-09-28 02:35:12] recv: {'type': 'stdin', 'data_b64': 'bHMK'}
[2025-09-28 02:43:59] recv: None
[2025-09-28 02:43:59] EOF from browser; exiting
[2025-09-28 02:44:10] host start pid=842991
[2025-09-28 02:44:10] recv: {'type': 'resize', 'cols': 111, 'rows': 60}
[2025-09-28 02:44:10] recv: {'type': 'open', 'cols': 111, 'rows': 60}
[2025-09-28 02:44:10] Spawning shell: /bin/bash [111x60]
[2025-09-28 02:44:10] recv: {'type': 'resize', 'cols': 111, 'rows': 60}
[2025-09-28 02:44:10] recv: {'type': 'stdin', 'data_b64': 'bHMK'}
[2025-09-28 02:51:11] recv: None
[2025-09-28 02:51:11] EOF from browser; exiting
[2025-09-28 02:51:23] host start pid=844544
[2025-09-28 02:51:23] recv: {'type': 'resize', 'cols': 111, 'rows': 60}
[2025-09-28 02:51:23] recv: {'type': 'open', 'cols': 111, 'rows': 60}
[2025-09-28 02:51:23] Spawning shell: /bin/bash [111x60]
[2025-09-28 02:51:23] recv: {'type': 'resize', 'cols': 111, 'rows': 60}
[2025-09-28 02:51:57] recv: None
[2025-09-28 02:51:57] EOF from browser; exiting
[2025-09-28 02:52:00] host start pid=844946
[2025-09-28 02:52:00] recv: {'type': 'resize', 'cols': 111, 'rows': 60}
[2025-09-28 02:52:00] recv: {'type': 'open', 'cols': 111, 'rows': 60}
[2025-09-28 02:52:00] Spawning shell: /bin/bash [111x60]
[2025-09-28 02:52:00] recv: {'type': 'resize', 'cols': 111, 'rows': 60}
[2025-09-28 02:52:05] recv: {'type': 'resize', 'cols': 233, 'rows': 60}
[2025-09-28 02:52:13] recv: None
[2025-09-28 02:52:13] EOF from browser; exiting
[2025-09-28 02:52:22] host start pid=845330
[2025-09-28 02:52:22] recv: {'type': 'resize', 'cols': 111, 'rows': 60}
[2025-09-28 02:52:22] recv: {'type': 'open', 'cols': 111, 'rows': 60}
[2025-09-28 02:52:22] Spawning shell: /bin/bash [111x60]
[2025-09-28 02:52:22] recv: {'type': 'resize', 'cols': 111, 'rows': 60}
[2025-09-28 02:52:22] recv: {'type': 'stdin', 'data_b64': 'bHMK'}
[2025-09-28 02:53:14] recv: None
[2025-09-28 02:53:14] EOF from browser; exiting
[2025-09-28 02:53:15] host start pid=846093
[2025-09-28 02:53:15] recv: {'type': 'resize', 'cols': 111, 'rows': 60}
[2025-09-28 02:53:15] recv: {'type': 'open', 'cols': 111, 'rows': 60}
[2025-09-28 02:53:15] Spawning shell: /bin/bash [111x60]
[2025-09-28 02:53:15] recv: {'type': 'resize', 'cols': 111, 'rows': 60}
[2025-09-28 02:53:18] recv: {'type': 'stdin', 'data_b64': 'bHMK'}
[2025-09-28 02:53:22] recv: {'type': 'resize', 'cols': 111, 'rows': 60}
[2025-09-28 02:53:22] recv: {'type': 'resize', 'cols': 111, 'rows': 60}
[2025-09-28 02:55:10] recv: None
[2025-09-28 02:55:10] EOF from browser; exiting
[2025-09-28 02:56:28] host start pid=847555
[2025-09-28 02:56:28] recv: {'type': 'resize', 'cols': 111, 'rows': 60}
[2025-09-28 02:56:28] recv: {'type': 'open', 'cols': 111, 'rows': 60}
[2025-09-28 02:56:28] Spawning shell: /bin/bash [111x60]
[2025-09-28 02:56:28] recv: {'type': 'resize', 'cols': 111, 'rows': 60}
[2025-09-28 02:56:28] recv: {'type': 'stdin', 'data_b64': 'bHMK'}
[2025-09-28 03:09:35] recv: None
[2025-09-28 03:09:35] EOF from browser; exiting
[2025-09-28 03:09:40] host start pid=850246
[2025-09-28 03:09:40] recv: {'type': 'resize', 'cols': 79, 'rows': 24}
[2025-09-28 03:09:40] recv: {'type': 'open', 'cols': 79, 'rows': 24}
[2025-09-28 03:09:40] Spawning shell: /bin/bash [79x24]
[2025-09-28 03:09:40] recv: {'type': 'resize', 'cols': 79, 'rows': 24}
[2025-09-28 03:09:43] recv: None
[2025-09-28 03:09:43] EOF from browser; exiting
[2025-09-28 03:09:57] host start pid=850550
[2025-09-28 03:09:57] recv: {'type': 'resize', 'cols': 111, 'rows': 60}
[2025-09-28 03:09:57] recv: {'type': 'open', 'cols': 111, 'rows': 60}
[2025-09-28 03:09:57] Spawning shell: /bin/bash [111x60]
[2025-09-28 03:09:57] recv: {'type': 'resize', 'cols': 111, 'rows': 60}
[2025-09-28 03:09:57] recv: {'type': 'stdin', 'data_b64': 'bHMK'}
[2025-09-28 03:10:00] host start pid=850828
[2025-09-28 03:10:00] recv: {'type': 'open', 'cols': 79, 'rows': 24}
[2025-09-28 03:10:00] Spawning shell: /bin/bash [79x24]
[2025-09-28 03:10:00] recv: {'type': 'resize', 'cols': 79, 'rows': 24}
[2025-09-28 03:10:00] recv: {'type': 'resize', 'cols': 79, 'rows': 24}
[2025-09-28 03:10:03] recv: None
[2025-09-28 03:10:03] EOF from browser; exiting
[2025-09-28 03:10:56] host start pid=851210
[2025-09-28 03:10:56] recv: {'type': 'resize', 'cols': 79, 'rows': 24}
[2025-09-28 03:10:56] recv: {'type': 'open', 'cols': 79, 'rows': 24}
[2025-09-28 03:10:56] Spawning shell: /bin/bash [79x24]
[2025-09-28 03:10:56] recv: {'type': 'resize', 'cols': 79, 'rows': 24}
[2025-09-28 03:10:59] recv: {'type': 'stdin', 'data_b64': 'bA=='}
[2025-09-28 03:11:00] recv: {'type': 'stdin', 'data_b64': 'cw=='}
[2025-09-28 03:11:00] recv: {'type': 'stdin', 'data_b64': 'DQ=='}
[2025-09-28 03:11:03] recv: None
[2025-09-28 03:11:03] EOF from browser; exiting
[2025-09-28 03:13:00] host start pid=851770
[2025-09-28 03:13:00] recv: {'type': 'resize', 'cols': 79, 'rows': 24}
[2025-09-28 03:13:00] recv: {'type': 'open', 'cols': 79, 'rows': 24}
[2025-09-28 03:13:00] Spawning shell: /bin/bash [79x24]
[2025-09-28 03:13:00] recv: {'type': 'resize', 'cols': 79, 'rows': 24}
[2025-09-28 03:13:02] recv: None
[2025-09-28 03:13:02] EOF from browser; exiting
[2025-09-28 03:13:20] host start pid=852078
[2025-09-28 03:13:20] recv: {'type': 'ping'}
[2025-09-28 03:13:20] recv: None
[2025-09-28 03:13:20] EOF from browser; exiting
[2025-09-28 03:13:51] host start pid=852266
[2025-09-28 03:13:51] recv: {'type': 'open', 'cols': 79, 'rows': 24}
[2025-09-28 03:13:51] Spawning shell: /bin/bash [79x24]
[2025-09-28 03:13:51] recv: {'type': 'resize', 'cols': 79, 'rows': 24}
[2025-09-28 03:13:51] recv: {'type': 'resize', 'cols': 79, 'rows': 24}
[2025-09-28 03:13:52] recv: None
[2025-09-28 03:13:52] EOF from browser; exiting
[2025-09-28 03:13:52] host start pid=852540
[2025-09-28 03:13:52] recv: {'type': 'open', 'cols': 79, 'rows': 24}
[2025-09-28 03:13:52] Spawning shell: /bin/bash [79x24]
[2025-09-28 03:13:52] recv: {'type': 'resize', 'cols': 79, 'rows': 24}
[2025-09-28 03:13:52] recv: {'type': 'resize', 'cols': 79, 'rows': 24}
[2025-09-28 03:13:54] recv: {'type': 'stdin', 'data_b64': 'bA=='}
[2025-09-28 03:13:54] recv: {'type': 'stdin', 'data_b64': 'cw=='}
[2025-09-28 03:13:55] recv: {'type': 'stdin', 'data_b64': 'DQ=='}
[2025-09-28 03:13:57] recv: None
[2025-09-28 03:13:57] EOF from browser; exiting
[2025-09-28 03:14:26] recv: {'type': 'resize', 'cols': 66, 'rows': 60}
[2025-09-28 03:14:28] recv: {'type': 'resize', 'cols': 111, 'rows': 60}
[2025-09-28 03:23:35] recv: None
[2025-09-28 03:23:35] EOF from browser; exiting
[2025-09-28 03:24:01] host start pid=855483
[2025-09-28 03:24:01] recv: {'type': 'open', 'cols': 111, 'rows': 60}
[2025-09-28 03:24:01] Spawning shell: /bin/bash [111x60]
[2025-09-28 03:24:01] recv: {'type': 'resize', 'cols': 111, 'rows': 60}
[2025-09-28 03:24:13] recv: None
[2025-09-28 03:24:13] EOF from browser; exiting
[2025-09-28 03:24:17] host start pid=855800
[2025-09-28 03:24:17] recv: {'type': 'open', 'cols': 111, 'rows': 60}
[2025-09-28 03:24:17] Spawning shell: /bin/bash [111x60]
[2025-09-28 03:24:17] recv: {'type': 'resize', 'cols': 111, 'rows': 60}
[2025-09-28 03:25:14] recv: None
[2025-09-28 03:25:14] EOF from browser; exiting
[2025-09-28 03:25:23] host start pid=856950
[2025-09-28 03:25:23] recv: {'type': 'resize', 'cols': 111, 'rows': 60}
[2025-09-28 03:25:23] recv: {'type': 'open', 'cols': 111, 'rows': 60}
[2025-09-28 03:25:23] Spawning shell: /bin/bash [111x60]
[2025-09-28 03:25:23] recv: {'type': 'resize', 'cols': 111, 'rows': 60}
[2025-09-28 03:25:23] recv: {'type': 'stdin', 'data_b64': 'bHMK'}
[2025-09-28 03:25:53] recv: None
[2025-09-28 03:25:53] EOF from browser; exiting
[2025-09-28 03:26:15] host start pid=857680
[2025-09-28 03:26:15] recv: {'type': 'resize', 'cols': 111, 'rows': 60}
[2025-09-28 03:26:15] recv: {'type': 'open', 'cols': 111, 'rows': 60}
[2025-09-28 03:26:15] Spawning shell: /bin/bash [111x60]
[2025-09-28 03:26:15] recv: {'type': 'resize', 'cols': 111, 'rows': 60}
[2025-09-28 03:26:15] recv: {'type': 'stdin', 'data_b64': 'bHMK'}
[2025-09-28 03:29:21] recv: None
[2025-09-28 03:29:21] EOF from browser; exiting
[2025-09-28 03:34:25] host start pid=860708
[2025-09-28 03:34:25] recv: {'type': 'resize', 'cols': 111, 'rows': 60}
[2025-09-28 03:34:25] recv: {'type': 'open', 'cols': 111, 'rows': 60}
[2025-09-28 03:34:25] Spawning shell: /bin/bash [111x60]
[2025-09-28 03:34:25] recv: {'type': 'resize', 'cols': 111, 'rows': 60}
[2025-09-28 03:34:25] recv: {'type': 'stdin', 'data_b64': 'bHMK'}
[2025-09-28 03:34:57] recv: None
[2025-09-28 03:34:57] EOF from browser; exiting
[2025-09-28 03:35:06] host start pid=861222
[2025-09-28 03:35:06] recv: {'type': 'resize', 'cols': 111, 'rows': 60}
[2025-09-28 03:35:06] recv: {'type': 'open', 'cols': 111, 'rows': 60}
[2025-09-28 03:35:06] Spawning shell: /bin/bash [111x60]
[2025-09-28 03:35:06] recv: {'type': 'resize', 'cols': 111, 'rows': 60}
[2025-09-28 03:35:06] recv: {'type': 'stdin', 'data_b64': 'bHMK'}
[2025-09-28 03:55:48] host start pid=865603
[2025-09-28 03:55:48] recv: {'type': 'resize', 'cols': 111, 'rows': 60}
[2025-09-28 03:55:48] recv: {'type': 'open', 'cols': 111, 'rows': 60}
[2025-09-28 03:55:48] Spawning shell: /bin/bash [111x60]
[2025-09-28 03:55:48] recv: {'type': 'resize', 'cols': 111, 'rows': 60}
[2025-09-28 03:55:50] recv: None
[2025-09-28 03:55:50] EOF from browser; exiting
[2025-09-28 03:55:59] host start pid=865922
[2025-09-28 03:55:59] recv: {'type': 'resize', 'cols': 111, 'rows': 60}
[2025-09-28 03:55:59] recv: {'type': 'open', 'cols': 111, 'rows': 60}
[2025-09-28 03:55:59] Spawning shell: /bin/bash [111x60]
[2025-09-28 03:55:59] recv: {'type': 'resize', 'cols': 111, 'rows': 60}
[2025-09-28 03:56:00] recv: {'type': 'stdin', 'data_b64': 'bA=='}
[2025-09-28 03:56:00] recv: {'type': 'stdin', 'data_b64': 'ZA=='}
[2025-09-28 03:56:00] recv: {'type': 'stdin', 'data_b64': 'DQ=='}
[2025-09-28 03:56:01] recv: {'type': 'stdin', 'data_b64': 'bA=='}
[2025-09-28 03:56:01] recv: {'type': 'stdin', 'data_b64': 'cw=='}
[2025-09-28 03:56:01] recv: {'type': 'stdin', 'data_b64': 'DQ=='}
[2025-09-28 03:56:05] recv: None
[2025-09-28 03:56:05] EOF from browser; exiting
[2025-09-28 04:00:31] recv: {'type': 'resize', 'cols': 233, 'rows': 60}
[2025-09-28 04:00:32] recv: None
[2025-09-28 04:00:32] EOF from browser; exiting
[2025-09-28 04:00:41] host start pid=867116
[2025-09-28 04:00:41] recv: {'type': 'resize', 'cols': 234, 'rows': 60}
[2025-09-28 04:00:41] recv: {'type': 'open', 'cols': 234, 'rows': 60}
[2025-09-28 04:00:41] Spawning shell: /bin/bash [234x60]
[2025-09-28 04:00:41] recv: {'type': 'resize', 'cols': 234, 'rows': 60}
[2025-09-28 04:02:21] recv: None
[2025-09-28 04:02:21] EOF from browser; exiting
[2025-09-28 04:02:31] host start pid=867820
[2025-09-28 04:02:31] recv: {'type': 'resize', 'cols': 111, 'rows': 60}
[2025-09-28 04:02:31] recv: {'type': 'open', 'cols': 111, 'rows': 60}
[2025-09-28 04:02:31] Spawning shell: /bin/bash [111x60]
[2025-09-28 04:02:31] recv: {'type': 'resize', 'cols': 111, 'rows': 60}
[2025-09-28 04:02:34] recv: {'type': 'stdin', 'data_b64': 'bA=='}
[2025-09-28 04:02:34] recv: {'type': 'stdin', 'data_b64': 'cw=='}
[2025-09-28 04:02:34] recv: {'type': 'stdin', 'data_b64': 'DQ=='}
[2025-09-28 04:02:38] host start pid=868151
[2025-09-28 04:02:38] recv: {'type': 'open', 'cols': 79, 'rows': 24}
[2025-09-28 04:02:38] Spawning shell: /bin/bash [79x24]
[2025-09-28 04:02:38] recv: {'type': 'resize', 'cols': 79, 'rows': 24}
[2025-09-28 04:02:38] recv: {'type': 'resize', 'cols': 79, 'rows': 24}
[2025-09-28 04:02:41] recv: {'type': 'stdin', 'data_b64': 'bA=='}
[2025-09-28 04:02:41] recv: {'type': 'stdin', 'data_b64': 'cw=='}
[2025-09-28 04:02:42] recv: {'type': 'stdin', 'data_b64': 'DQ=='}
[2025-09-28 04:02:45] recv: None
[2025-09-28 04:02:45] EOF from browser; exiting
[2025-09-28 04:02:51] recv: {'type': 'stdin', 'data_b64': 'bA=='}
[2025-09-28 04:02:51] recv: {'type': 'stdin', 'data_b64': 'YQ=='}
[2025-09-28 04:02:51] recv: {'type': 'stdin', 'data_b64': 'DQ=='}
[2025-09-28 04:02:54] host start pid=868480
[2025-09-28 04:02:54] recv: {'type': 'open', 'cols': 79, 'rows': 24}
[2025-09-28 04:02:54] Spawning shell: /bin/bash [79x24]
[2025-09-28 04:02:54] recv: {'type': 'resize', 'cols': 79, 'rows': 24}
[2025-09-28 04:02:54] recv: {'type': 'resize', 'cols': 79, 'rows': 24}
[2025-09-28 04:02:57] recv: None
[2025-09-28 04:02:57] EOF from browser; exiting
[2025-09-28 04:03:06] host start pid=868802
[2025-09-28 04:03:06] recv: {'type': 'resize', 'cols': 79, 'rows': 24}
[2025-09-28 04:03:06] recv: {'type': 'open', 'cols': 79, 'rows': 24}
[2025-09-28 04:03:06] Spawning shell: /bin/bash [79x24]
[2025-09-28 04:03:06] recv: {'type': 'resize', 'cols': 79, 'rows': 24}
[2025-09-28 04:03:06] recv: None
[2025-09-28 04:03:06] EOF from browser; exiting
[2025-09-28 04:03:16] recv: None
[2025-09-28 04:03:16] EOF from browser; exiting
[2025-09-28 04:03:23] host start pid=869138
[2025-09-28 04:03:23] recv: {'type': 'resize', 'cols': 111, 'rows': 60}
[2025-09-28 04:03:23] recv: {'type': 'open', 'cols': 111, 'rows': 60}
[2025-09-28 04:03:23] Spawning shell: /bin/bash [111x60]
[2025-09-28 04:03:23] recv: {'type': 'resize', 'cols': 111, 'rows': 60}
[2025-09-28 04:03:27] host start pid=869417
[2025-09-28 04:03:27] recv: {'type': 'resize', 'cols': 79, 'rows': 24}
[2025-09-28 04:03:27] recv: {'type': 'open', 'cols': 79, 'rows': 24}
[2025-09-28 04:03:27] Spawning shell: /bin/bash [79x24]
[2025-09-28 04:03:27] recv: {'type': 'resize', 'cols': 79, 'rows': 24}
[2025-09-28 04:03:28] recv: None
[2025-09-28 04:03:28] EOF from browser; exiting
[2025-09-28 04:03:29] recv: {'type': 'stdin', 'data_b64': 'bA=='}
[2025-09-28 04:03:30] recv: {'type': 'stdin', 'data_b64': 'cw=='}
[2025-09-28 04:03:30] recv: {'type': 'stdin', 'data_b64': 'DQ=='}
[2025-09-28 04:03:32] host start pid=869702
[2025-09-28 04:03:32] recv: {'type': 'open', 'cols': 79, 'rows': 24}
[2025-09-28 04:03:32] Spawning shell: /bin/bash [79x24]
[2025-09-28 04:03:32] recv: {'type': 'resize', 'cols': 79, 'rows': 24}
[2025-09-28 04:03:32] recv: {'type': 'resize', 'cols': 79, 'rows': 24}
[2025-09-28 04:03:37] recv: None
[2025-09-28 04:03:37] EOF from browser; exiting
[2025-09-28 04:03:39] recv: {'type': 'resize', 'cols': 233, 'rows': 60}
[2025-09-28 04:04:15] recv: None
[2025-09-28 04:04:15] EOF from browser; exiting
[2025-09-28 04:04:17] host start pid=870176
[2025-09-28 04:04:17] recv: {'type': 'resize', 'cols': 79, 'rows': 24}
[2025-09-28 04:04:17] recv: {'type': 'open', 'cols': 79, 'rows': 24}
[2025-09-28 04:04:17] Spawning shell: /bin/bash [79x24]
[2025-09-28 04:04:17] recv: {'type': 'resize', 'cols': 79, 'rows': 24}
[2025-09-28 04:04:20] recv: {'type': 'stdin', 'data_b64': 'bA=='}
[2025-09-28 04:04:20] recv: {'type': 'stdin', 'data_b64': 'cw=='}
[2025-09-28 04:04:20] recv: {'type': 'stdin', 'data_b64': 'DQ=='}
[2025-09-28 04:04:22] recv: None
[2025-09-28 04:04:22] EOF from browser; exiting
[2025-09-28 04:04:28] host start pid=870463
[2025-09-28 04:04:28] recv: {'type': 'resize', 'cols': 234, 'rows': 60}
[2025-09-28 04:04:28] recv: {'type': 'open', 'cols': 234, 'rows': 60}
[2025-09-28 04:04:28] Spawning shell: /bin/bash [234x60]
[2025-09-28 04:04:28] recv: {'type': 'resize', 'cols': 234, 'rows': 60}
[2025-09-28 04:04:36] recv: None
[2025-09-28 04:04:36] EOF from browser; exiting
[2025-09-28 04:04:45] host start pid=870815
[2025-09-28 04:04:45] recv: {'type': 'open', 'cols': 79, 'rows': 24}
[2025-09-28 04:04:45] Spawning shell: /bin/bash [79x24]
[2025-09-28 04:04:45] recv: {'type': 'resize', 'cols': 79, 'rows': 24}
[2025-09-28 04:04:45] recv: {'type': 'resize', 'cols': 79, 'rows': 24}
[2025-09-28 04:05:00] recv: None
[2025-09-28 04:05:00] EOF from browser; exiting
[2025-09-28 04:06:14] host start pid=871623
[2025-09-28 04:06:14] recv: {'type': 'resize', 'cols': 111, 'rows': 60}
[2025-09-28 04:06:14] recv: {'type': 'open', 'cols': 111, 'rows': 60}
[2025-09-28 04:06:14] Spawning shell: /bin/bash [111x60]
[2025-09-28 04:06:14] recv: {'type': 'resize', 'cols': 111, 'rows': 60}
[2025-09-28 04:06:21] host start pid=871916
[2025-09-28 04:06:21] recv: {'type': 'resize', 'cols': 79, 'rows': 24}
[2025-09-28 04:06:21] recv: {'type': 'open', 'cols': 79, 'rows': 24}
[2025-09-28 04:06:21] Spawning shell: /bin/bash [79x24]
[2025-09-28 04:06:21] recv: {'type': 'resize', 'cols': 79, 'rows': 24}
[2025-09-28 04:06:32] recv: None
[2025-09-28 04:06:32] EOF from browser; exiting
[2025-09-28 04:14:57] recv: None
[2025-09-28 04:14:57] EOF from browser; exiting
[2025-09-28 04:15:06] host start pid=873995
[2025-09-28 04:15:06] recv: {'type': 'resize', 'cols': 111, 'rows': 60}
[2025-09-28 04:15:06] recv: {'type': 'open', 'cols': 111, 'rows': 60}
[2025-09-28 04:15:06] Spawning shell: /bin/bash [111x60]
[2025-09-28 04:15:06] recv: {'type': 'resize', 'cols': 111, 'rows': 60}
[2025-09-28 04:15:10] host start pid=874277
[2025-09-28 04:15:10] recv: {'type': 'resize', 'cols': 79, 'rows': 24}
[2025-09-28 04:15:10] recv: {'type': 'open', 'cols': 79, 'rows': 24}
[2025-09-28 04:15:10] Spawning shell: /bin/bash [79x24]
[2025-09-28 04:15:10] recv: {'type': 'resize', 'cols': 79, 'rows': 24}
[2025-09-28 04:15:13] recv: {'type': 'stdin', 'data_b64': 'G2k='}
[2025-09-28 04:15:16] recv: {'type': 'stdin', 'data_b64': 'G2k='}
[2025-09-28 04:15:16] recv: {'type': 'stdin', 'data_b64': 'G2k='}
[2025-09-28 04:15:17] recv: {'type': 'stdin', 'data_b64': 'G2k='}
[2025-09-28 04:15:17] recv: {'type': 'stdin', 'data_b64': 'G2k='}
[2025-09-28 04:15:19] recv: {'type': 'stdin', 'data_b64': 'ZQ=='}
[2025-09-28 04:15:19] recv: {'type': 'stdin', 'data_b64': 'eA=='}
[2025-09-28 04:15:19] recv: {'type': 'stdin', 'data_b64': 'aQ=='}
[2025-09-28 04:15:19] recv: {'type': 'stdin', 'data_b64': 'dA=='}
[2025-09-28 04:15:19] recv: {'type': 'stdin', 'data_b64': 'KA=='}
[2025-09-28 04:15:19] recv: {'type': 'stdin', 'data_b64': 'KQ=='}
[2025-09-28 04:15:20] recv: {'type': 'stdin', 'data_b64': 'fw=='}
[2025-09-28 04:15:20] recv: {'type': 'stdin', 'data_b64': 'fw=='}
[2025-09-28 04:15:21] recv: {'type': 'stdin', 'data_b64': 'DQ=='}
[2025-09-28 04:15:23] recv: None
[2025-09-28 04:15:23] EOF from browser; exiting
[2025-09-28 04:15:25] host start pid=874612
[2025-09-28 04:15:25] recv: {'type': 'open', 'cols': 79, 'rows': 24}
[2025-09-28 04:15:25] Spawning shell: /bin/bash [79x24]
[2025-09-28 04:15:25] recv: {'type': 'resize', 'cols': 79, 'rows': 24}
[2025-09-28 04:15:25] recv: {'type': 'resize', 'cols': 79, 'rows': 24}
[2025-09-28 04:15:26] recv: None
[2025-09-28 04:15:26] EOF from browser; exiting
[2025-09-28 04:15:30] recv: {'type': 'resize', 'cols': 111, 'rows': 60}
[2025-09-28 04:15:30] recv: {'type': 'resize', 'cols': 111, 'rows': 60}
[2025-09-28 04:16:28] recv: None
[2025-09-28 04:16:28] EOF from browser; exiting
[2025-09-28 04:16:40] host start pid=875223
[2025-09-28 04:16:40] recv: {'type': 'resize', 'cols': 111, 'rows': 60}
[2025-09-28 04:16:40] recv: {'type': 'open', 'cols': 111, 'rows': 60}
[2025-09-28 04:16:40] Spawning shell: /bin/bash [111x60]
[2025-09-28 04:16:40] recv: {'type': 'resize', 'cols': 111, 'rows': 60}
[2025-09-28 04:16:48] host start pid=875589
[2025-09-28 04:16:48] recv: {'type': 'open', 'cols': 79, 'rows': 24}
[2025-09-28 04:16:48] Spawning shell: /bin/bash [79x24]
[2025-09-28 04:16:48] recv: {'type': 'resize', 'cols': 79, 'rows': 24}
[2025-09-28 04:16:48] recv: {'type': 'resize', 'cols': 79, 'rows': 24}
[2025-09-28 04:16:51] recv: {'type': 'stdin', 'data_b64': 'bA=='}
[2025-09-28 04:16:51] recv: {'type': 'stdin', 'data_b64': 'cw=='}
[2025-09-28 04:16:51] recv: {'type': 'stdin', 'data_b64': 'DQ=='}
[2025-09-28 04:16:53] recv: {'type': 'stdin', 'data_b64': 'ZQ=='}
[2025-09-28 04:16:53] recv: {'type': 'stdin', 'data_b64': 'eA=='}
[2025-09-28 04:16:53] recv: {'type': 'stdin', 'data_b64': 'aQ=='}
[2025-09-28 04:16:53] recv: {'type': 'stdin', 'data_b64': 'dA=='}
[2025-09-28 04:16:53] recv: {'type': 'stdin', 'data_b64': 'DQ=='}
[2025-09-28 04:16:54] recv: None
[2025-09-28 04:16:54] EOF from browser; exiting
[2025-09-28 04:17:01] recv: {'type': 'stdin', 'data_b64': 'bA=='}
[2025-09-28 04:17:01] recv: {'type': 'stdin', 'data_b64': 'cw=='}
[2025-09-28 04:17:01] recv: {'type': 'stdin', 'data_b64': 'DQ=='}
[2025-09-28 04:17:09] recv: None
[2025-09-28 04:17:09] EOF from browser; exiting
[2025-09-28 04:17:09] host start pid=875948
[2025-09-28 04:17:09] recv: {'type': 'resize', 'cols': 111, 'rows': 60}
[2025-09-28 04:17:09] recv: {'type': 'open', 'cols': 111, 'rows': 60}
[2025-09-28 04:17:09] Spawning shell: /bin/bash [111x60]
[2025-09-28 04:17:09] recv: {'type': 'resize', 'cols': 111, 'rows': 60}
[2025-09-28 04:17:55] recv: None
[2025-09-28 04:17:55] EOF from browser; exiting
[2025-09-28 04:18:00] host start pid=876612
[2025-09-28 04:18:00] recv: {'type': 'resize', 'cols': 111, 'rows': 60}
[2025-09-28 04:18:00] recv: {'type': 'open', 'cols': 111, 'rows': 60}
[2025-09-28 04:18:00] Spawning shell: /bin/bash [111x60]
[2025-09-28 04:18:00] recv: {'type': 'resize', 'cols': 111, 'rows': 60}
[2025-09-28 04:18:26] recv: None
[2025-09-28 04:18:26] EOF from browser; exiting
[2025-09-28 04:18:26] host start pid=877134
[2025-09-28 04:18:26] recv: {'type': 'resize', 'cols': 111, 'rows': 60}
[2025-09-28 04:18:26] recv: {'type': 'open', 'cols': 111, 'rows': 60}
[2025-09-28 04:18:26] Spawning shell: /bin/bash [111x60]
[2025-09-28 04:18:26] recv: {'type': 'resize', 'cols': 111, 'rows': 60}
[2025-09-28 04:18:28] recv: None
[2025-09-28 04:18:28] EOF from browser; exiting
[2025-09-28 04:18:30] host start pid=877409
[2025-09-28 04:18:30] recv: {'type': 'resize', 'cols': 111, 'rows': 60}
[2025-09-28 04:18:30] recv: {'type': 'open', 'cols': 111, 'rows': 60}
[2025-09-28 04:18:30] Spawning shell: /bin/bash [111x60]
[2025-09-28 04:18:30] recv: {'type': 'resize', 'cols': 111, 'rows': 60}
[2025-09-28 04:18:35] recv: {'type': 'stdin', 'data_b64': 'bHMK'}
[2025-09-28 04:22:58] recv: None
[2025-09-28 04:22:58] EOF from browser; exiting
[2025-09-28 04:23:06] host start pid=879225
[2025-09-28 04:23:06] recv: {'type': 'resize', 'cols': 111, 'rows': 60}
[2025-09-28 04:23:06] recv: {'type': 'open', 'cols': 111, 'rows': 60}
[2025-09-28 04:23:06] Spawning shell: /bin/bash [111x60]
[2025-09-28 04:23:06] recv: {'type': 'resize', 'cols': 111, 'rows': 60}
[2025-09-28 04:23:06] recv: {'type': 'stdin', 'data_b64': 'bHMK'}
[2025-09-28 04:23:14] host start pid=879507
[2025-09-28 04:23:14] recv: {'type': 'open', 'cols': 79, 'rows': 24}
[2025-09-28 04:23:14] Spawning shell: /bin/bash [79x24]
[2025-09-28 04:23:14] recv: {'type': 'resize', 'cols': 79, 'rows': 24}
[2025-09-28 04:23:14] recv: {'type': 'resize', 'cols': 79, 'rows': 24}
[2025-09-28 04:23:16] recv: {'type': 'stdin', 'data_b64': 'bA=='}
[2025-09-28 04:23:16] recv: {'type': 'stdin', 'data_b64': 'cw=='}
[2025-09-28 04:23:17] recv: {'type': 'stdin', 'data_b64': 'DQ=='}
[2025-09-28 04:23:20] recv: None
[2025-09-28 04:23:20] EOF from browser; exiting
[2025-09-28 04:23:23] recv: {'type': 'stdin', 'data_b64': 'bA=='}
[2025-09-28 04:23:24] recv: {'type': 'stdin', 'data_b64': 'YQ=='}
[2025-09-28 04:23:24] recv: {'type': 'stdin', 'data_b64': 'DQ=='}
[2025-09-28 04:23:27] recv: {'type': 'stdin', 'data_b64': 'Yw=='}
[2025-09-28 04:23:28] recv: {'type': 'stdin', 'data_b64': 'ZA=='}
[2025-09-28 04:23:28] recv: {'type': 'stdin', 'data_b64': 'IA=='}
[2025-09-28 04:23:29] recv: {'type': 'stdin', 'data_b64': 'fg=='}
[2025-09-28 04:23:29] recv: {'type': 'stdin', 'data_b64': 'DQ=='}
[2025-09-28 04:23:29] recv: {'type': 'stdin', 'data_b64': 'bA=='}
[2025-09-28 04:23:29] recv: {'type': 'stdin', 'data_b64': 'cw=='}
[2025-09-28 04:23:30] recv: {'type': 'stdin', 'data_b64': 'fw=='}
[2025-09-28 04:23:30] recv: {'type': 'stdin', 'data_b64': 'YQ=='}
[2025-09-28 04:23:30] recv: {'type': 'stdin', 'data_b64': 'DQ=='}
[2025-09-28 04:23:35] host start pid=879853
[2025-09-28 04:23:35] recv: {'type': 'open', 'cols': 79, 'rows': 24}
[2025-09-28 04:23:35] Spawning shell: /bin/bash [79x24]
[2025-09-28 04:23:35] recv: {'type': 'resize', 'cols': 79, 'rows': 24}
[2025-09-28 04:23:35] recv: {'type': 'resize', 'cols': 79, 'rows': 24}
[2025-09-28 04:23:36] recv: None
[2025-09-28 04:23:36] EOF from browser; exiting
[2025-09-28 04:32:36] recv: None
[2025-09-28 04:32:36] EOF from browser; exiting
[2025-09-28 04:32:43] host start pid=882413
[2025-09-28 04:32:43] recv: {'type': 'resize', 'cols': 111, 'rows': 60}
[2025-09-28 04:32:43] recv: {'type': 'open', 'cols': 111, 'rows': 60}
[2025-09-28 04:32:43] Spawning shell: /bin/bash [111x60]
[2025-09-28 04:32:43] recv: {'type': 'resize', 'cols': 111, 'rows': 60}
[2025-09-28 04:32:54] recv: {'type': 'stdin', 'data_b64': 'bA=='}
[2025-09-28 04:32:54] recv: {'type': 'stdin', 'data_b64': 'cw=='}
[2025-09-28 04:32:55] recv: {'type': 'stdin', 'data_b64': 'aQ=='}
[2025-09-28 04:32:55] recv: {'type': 'stdin', 'data_b64': 'bA=='}
[2025-09-28 04:32:55] recv: {'type': 'stdin', 'data_b64': 'cw=='}
[2025-09-28 04:32:55] recv: {'type': 'stdin', 'data_b64': 'DQ=='}
[2025-09-28 04:33:04] recv: {'type': 'stdin', 'data_b64': 'bA=='}
[2025-09-28 04:33:04] recv: {'type': 'stdin', 'data_b64': 'cw=='}
[2025-09-28 04:33:04] recv: {'type': 'stdin', 'data_b64': 'DQ=='}
[2025-09-28 04:33:18] recv: None
[2025-09-28 04:33:18] EOF from browser; exiting
[2025-09-28 04:33:30] host start pid=882923
[2025-09-28 04:33:30] recv: {'type': 'resize', 'cols': 111, 'rows': 60}
[2025-09-28 04:33:30] recv: {'type': 'open', 'cols': 111, 'rows': 60}
[2025-09-28 04:33:30] Spawning shell: /bin/bash [111x60]
[2025-09-28 04:33:30] recv: {'type': 'resize', 'cols': 111, 'rows': 60}
[2025-09-28 04:33:46] recv: {'type': 'stdin', 'data_b64': 'bA=='}
[2025-09-28 04:33:46] recv: {'type': 'stdin', 'data_b64': 'cw=='}
[2025-09-28 04:33:46] recv: {'type': 'stdin', 'data_b64': 'DQ=='}
[2025-09-28 04:35:53] recv: {'type': 'stdin', 'data_b64': 'bHMK'}
[2025-09-28 04:35:58] recv: {'type': 'stdin', 'data_b64': 'bHMK'}
[2025-09-28 04:36:40] recv: None
[2025-09-28 04:36:40] EOF from browser; exiting
[2025-09-28 04:36:56] host start pid=883840
[2025-09-28 04:36:56] recv: {'type': 'resize', 'cols': 111, 'rows': 60}
[2025-09-28 04:36:56] recv: {'type': 'open', 'cols': 111, 'rows': 60}
[2025-09-28 04:36:56] Spawning shell: /bin/bash [111x60]
[2025-09-28 04:36:56] recv: {'type': 'resize', 'cols': 111, 'rows': 60}
[2025-09-28 04:36:57] recv: {'type': 'stdin', 'data_b64': 'bA=='}
[2025-09-28 04:36:57] recv: {'type': 'stdin', 'data_b64': 'cw=='}
[2025-09-28 04:36:58] recv: {'type': 'stdin', 'data_b64': 'DQ=='}
[2025-09-28 04:43:32] recv: None
[2025-09-28 04:43:32] EOF from browser; exiting
[2025-09-28 04:44:04] host start pid=885906
[2025-09-28 04:44:04] recv: {'type': 'resize', 'cols': 111, 'rows': 60}
[2025-09-28 04:44:04] recv: {'type': 'open', 'cols': 111, 'rows': 60}
[2025-09-28 04:44:04] Spawning shell: /bin/bash [111x60]
[2025-09-28 04:44:04] recv: {'type': 'resize', 'cols': 111, 'rows': 60}
[2025-09-28 04:44:04] recv: {'type': 'stdin', 'data_b64': 'bHMK'}
[2025-09-28 04:44:11] recv: {'type': 'stdin', 'data_b64': 'bA=='}
[2025-09-28 04:44:11] recv: {'type': 'stdin', 'data_b64': 'cw=='}
[2025-09-28 04:44:11] recv: {'type': 'stdin', 'data_b64': 'DQ=='}
[2025-09-28 04:44:14] recv: {'type': 'stdin', 'data_b64': 'bA=='}
[2025-09-28 04:44:14] recv: {'type': 'stdin', 'data_b64': 'cw=='}
[2025-09-28 04:44:15] recv: {'type': 'stdin', 'data_b64': 'DQ=='}
[2025-09-28 04:44:22] recv: {'type': 'stdin', 'data_b64': 'bA=='}
[2025-09-28 04:44:23] recv: {'type': 'stdin', 'data_b64': 'cw=='}
[2025-09-28 04:44:23] recv: {'type': 'stdin', 'data_b64': 'DQ=='}
[2025-09-28 05:14:46] recv: None
[2025-09-28 05:14:46] EOF from browser; exiting
[2025-09-28 05:14:51] host start pid=892756
[2025-09-28 05:14:51] recv: {'type': 'resize', 'cols': 111, 'rows': 60}
[2025-09-28 05:14:51] recv: {'type': 'open', 'cols': 111, 'rows': 60}
[2025-09-28 05:14:51] Spawning shell: /bin/bash [111x60]
[2025-09-28 05:14:51] recv: {'type': 'resize', 'cols': 111, 'rows': 60}
[2025-09-28 05:14:52] recv: {'type': 'stdin', 'data_b64': 'bHMK'}
[2025-09-28 05:15:21] recv: None
[2025-09-28 05:15:21] EOF from browser; exiting
[2025-09-28 05:15:21] host start pid=893189
[2025-09-28 05:15:21] recv: {'type': 'resize', 'cols': 111, 'rows': 60}
[2025-09-28 05:15:21] recv: {'type': 'open', 'cols': 111, 'rows': 60}
[2025-09-28 05:15:21] Spawning shell: /bin/bash [111x60]
[2025-09-28 05:15:21] recv: {'type': 'resize', 'cols': 111, 'rows': 60}
[2025-09-28 05:15:33] recv: None
[2025-09-28 05:15:33] EOF from browser; exiting
[2025-09-28 05:15:37] host start pid=893512
[2025-09-28 05:15:37] recv: {'type': 'resize', 'cols': 111, 'rows': 60}
[2025-09-28 05:15:37] recv: {'type': 'open', 'cols': 111, 'rows': 60}
[2025-09-28 05:15:37] Spawning shell: /bin/bash [111x60]
[2025-09-28 05:15:37] recv: {'type': 'resize', 'cols': 111, 'rows': 60}
[2025-09-28 05:15:37] recv: {'type': 'stdin', 'data_b64': 'bHMK'}
[2025-09-28 05:15:43] recv: {'type': 'stdin', 'data_b64': 'bA=='}
[2025-09-28 05:15:43] recv: {'type': 'stdin', 'data_b64': 'cw=='}
[2025-09-28 05:15:44] recv: {'type': 'stdin', 'data_b64': 'DQ=='}
[2025-09-28 05:16:05] recv: {'type': 'stdin', 'data_b64': 'bA=='}
[2025-09-28 05:16:05] recv: {'type': 'stdin', 'data_b64': 'YQ=='}
[2025-09-28 05:16:05] recv: {'type': 'stdin', 'data_b64': 'DQ=='}
[2025-09-28 05:16:11] recv: {'type': 'stdin', 'data_b64': 'G2k='}
[2025-09-28 05:16:21] recv: {'type': 'stdin', 'data_b64': 'bA=='}
[2025-09-28 05:16:21] recv: {'type': 'stdin', 'data_b64': 'YQ=='}
[2025-09-28 05:16:21] recv: {'type': 'stdin', 'data_b64': 'DQ=='}
[2025-09-28 05:18:19] recv: {'type': 'resize', 'cols': 111, 'rows': 33}
[2025-09-28 05:18:24] recv: {'type': 'resize', 'cols': 111, 'rows': 33}
[2025-09-28 05:18:24] recv: {'type': 'resize', 'cols': 111, 'rows': 33}
[2025-09-28 05:18:24] recv: {'type': 'resize', 'cols': 111, 'rows': 32}
[2025-09-28 05:18:24] recv: {'type': 'resize', 'cols': 111, 'rows': 32}
[2025-09-28 05:18:24] recv: {'type': 'resize', 'cols': 111, 'rows': 32}
[2025-09-28 05:18:24] recv: {'type': 'resize', 'cols': 111, 'rows': 32}
[2025-09-28 05:18:24] recv: {'type': 'resize', 'cols': 111, 'rows': 32}
[2025-09-28 05:18:24] recv: {'type': 'resize', 'cols': 111, 'rows': 32}
[2025-09-28 05:18:24] recv: {'type': 'resize', 'cols': 111, 'rows': 32}
[2025-09-28 05:18:24] recv: {'type': 'resize', 'cols': 111, 'rows': 31}
[2025-09-28 05:18:24] recv: {'type': 'resize', 'cols': 111, 'rows': 31}
[2025-09-28 05:18:24] recv: {'type': 'resize', 'cols': 111, 'rows': 30}
[2025-09-28 05:18:24] recv: {'type': 'resize', 'cols': 111, 'rows': 29}
[2025-09-28 05:18:24] recv: {'type': 'resize', 'cols': 111, 'rows': 29}
[2025-09-28 05:18:24] recv: {'type': 'resize', 'cols': 111, 'rows': 28}
[2025-09-28 05:18:24] recv: {'type': 'resize', 'cols': 111, 'rows': 27}
[2025-09-28 05:18:24] recv: {'type': 'resize', 'cols': 111, 'rows': 26}
[2025-09-28 05:18:24] recv: {'type': 'resize', 'cols': 111, 'rows': 26}
[2025-09-28 05:18:24] recv: {'type': 'resize', 'cols': 111, 'rows': 25}
[2025-09-28 05:18:24] recv: {'type': 'resize', 'cols': 111, 'rows': 24}
[2025-09-28 05:18:24] recv: {'type': 'resize', 'cols': 111, 'rows': 22}
[2025-09-28 05:18:24] recv: {'type': 'resize', 'cols': 111, 'rows': 21}
[2025-09-28 05:18:24] recv: {'type': 'resize', 'cols': 111, 'rows': 21}
[2025-09-28 05:18:24] recv: {'type': 'resize', 'cols': 111, 'rows': 20}
[2025-09-28 05:18:24] recv: {'type': 'resize', 'cols': 111, 'rows': 19}
[2025-09-28 05:18:24] recv: {'type': 'resize', 'cols': 111, 'rows': 19}
[2025-09-28 05:18:24] recv: {'type': 'resize', 'cols': 111, 'rows': 18}
[2025-09-28 05:18:24] recv: {'type': 'resize', 'cols': 111, 'rows': 18}
[2025-09-28 05:18:24] recv: {'type': 'resize', 'cols': 111, 'rows': 17}
[2025-09-28 05:18:24] recv: {'type': 'resize', 'cols': 111, 'rows': 17}
[2025-09-28 05:18:24] recv: {'type': 'resize', 'cols': 111, 'rows': 17}
[2025-09-28 05:18:24] recv: {'type': 'resize', 'cols': 111, 'rows': 16}
[2025-09-28 05:18:24] recv: {'type': 'resize', 'cols': 111, 'rows': 16}
[2025-09-28 05:18:24] recv: {'type': 'resize', 'cols': 111, 'rows': 16}
[2025-09-28 05:18:24] recv: {'type': 'resize', 'cols': 111, 'rows': 15}
[2025-09-28 05:18:24] recv: {'type': 'resize', 'cols': 111, 'rows': 15}
[2025-09-28 05:18:24] recv: {'type': 'resize', 'cols': 111, 'rows': 15}
[2025-09-28 05:18:24] recv: {'type': 'resize', 'cols': 111, 'rows': 14}
[2025-09-28 05:18:24] recv: {'type': 'resize', 'cols': 111, 'rows': 14}
[2025-09-28 05:18:24] recv: {'type': 'resize', 'cols': 111, 'rows': 14}
[2025-09-28 05:18:24] recv: {'type': 'resize', 'cols': 111, 'rows': 14}
[2025-09-28 05:18:24] recv: {'type': 'resize', 'cols': 111, 'rows': 13}
[2025-09-28 05:18:24] recv: {'type': 'resize', 'cols': 111, 'rows': 13}
[2025-09-28 05:18:24] recv: {'type': 'resize', 'cols': 111, 'rows': 13}
[2025-09-28 05:18:24] recv: {'type': 'resize', 'cols': 111, 'rows': 13}
[2025-09-28 05:18:24] recv: {'type': 'resize', 'cols': 111, 'rows': 13}
[2025-09-28 05:18:24] recv: {'type': 'resize', 'cols': 111, 'rows': 13}
[2025-09-28 05:18:24] recv: {'type': 'resize', 'cols': 111, 'rows': 12}
[2025-09-28 05:18:24] recv: {'type': 'resize', 'cols': 111, 'rows': 12}
[2025-09-28 05:18:24] recv: {'type': 'resize', 'cols': 111, 'rows': 12}
[2025-09-28 05:18:24] recv: {'type': 'resize', 'cols': 111, 'rows': 12}
[2025-09-28 05:18:24] recv: {'type': 'resize', 'cols': 111, 'rows': 12}
[2025-09-28 05:18:24] recv: {'type': 'resize', 'cols': 111, 'rows': 11}
[2025-09-28 05:18:24] recv: {'type': 'resize', 'cols': 111, 'rows': 11}
[2025-09-28 05:18:24] recv: {'type': 'resize', 'cols': 111, 'rows': 11}
[2025-09-28 05:18:24] recv: {'type': 'resize', 'cols': 111, 'rows': 10}
[2025-09-28 05:18:24] recv: {'type': 'resize', 'cols': 111, 'rows': 10}
[2025-09-28 05:18:24] recv: {'type': 'resize', 'cols': 111, 'rows': 10}
[2025-09-28 05:18:24] recv: {'type': 'resize', 'cols': 111, 'rows': 10}
[2025-09-28 05:18:24] recv: {'type': 'resize', 'cols': 111, 'rows': 10}
[2025-09-28 05:18:24] recv: {'type': 'resize', 'cols': 111, 'rows': 10}
[2025-09-28 05:18:24] recv: {'type': 'resize', 'cols': 111, 'rows': 9}
[2025-09-28 05:18:24] recv: {'type': 'resize', 'cols': 111, 'rows': 9}
[2025-09-28 05:18:24] recv: {'type': 'resize', 'cols': 111, 'rows': 9}
[2025-09-28 05:18:24] recv: {'type': 'resize', 'cols': 111, 'rows': 9}
[2025-09-28 05:18:24] recv: {'type': 'resize', 'cols': 111, 'rows': 9}
[2025-09-28 05:18:24] recv: {'type': 'resize', 'cols': 111, 'rows': 9}
[2025-09-28 05:18:24] recv: {'type': 'resize', 'cols': 111, 'rows': 9}
[2025-09-28 05:18:24] recv: {'type': 'resize', 'cols': 111, 'rows': 9}
[2025-09-28 05:18:24] recv: {'type': 'resize', 'cols': 111, 'rows': 9}
[2025-09-28 05:18:24] recv: {'type': 'resize', 'cols': 111, 'rows': 9}
[2025-09-28 05:18:24] recv: {'type': 'resize', 'cols': 111, 'rows': 9}
[2025-09-28 05:18:24] recv: {'type': 'resize', 'cols': 111, 'rows': 9}
[2025-09-28 05:18:24] recv: {'type': 'resize', 'cols': 111, 'rows': 8}
[2025-09-28 05:18:24] recv: {'type': 'resize', 'cols': 111, 'rows': 8}
[2025-09-28 05:25:25] recv: None
[2025-09-28 05:25:25] EOF from browser; exiting
[2025-09-28 05:25:31] host start pid=896209
[2025-09-28 05:25:31] recv: {'type': 'resize', 'cols': 111, 'rows': 60}
[2025-09-28 05:25:31] recv: {'type': 'open', 'cols': 111, 'rows': 60}
[2025-09-28 05:25:31] Spawning shell: /bin/bash [111x60]
[2025-09-28 05:25:31] recv: {'type': 'resize', 'cols': 111, 'rows': 60}
[2025-09-28 05:25:31] recv: {'type': 'stdin', 'data_b64': 'bHMK'}
[2025-09-28 05:25:38] recv: {'type': 'stdin', 'data_b64': 'bA=='}
[2025-09-28 05:25:38] recv: {'type': 'stdin', 'data_b64': 'cw=='}
[2025-09-28 05:25:38] recv: {'type': 'stdin', 'data_b64': 'DQ=='}
[2025-09-28 05:25:42] recv: {'type': 'stdin', 'data_b64': 'bA=='}
[2025-09-28 05:25:42] recv: {'type': 'stdin', 'data_b64': 'YQ=='}
[2025-09-28 05:25:42] recv: {'type': 'stdin', 'data_b64': 'DQ=='}
[2025-09-28 05:25:56] recv: None
[2025-09-28 05:25:56] EOF from browser; exiting
[2025-09-28 05:27:08] host start pid=896795
[2025-09-28 05:27:08] recv: {'type': 'resize', 'cols': 111, 'rows': 60}
[2025-09-28 05:27:08] recv: {'type': 'open', 'cols': 111, 'rows': 60}
[2025-09-28 05:27:08] Spawning shell: /bin/bash [111x60]
[2025-09-28 05:27:08] recv: {'type': 'resize', 'cols': 111, 'rows': 60}
[2025-09-28 05:27:09] recv: {'type': 'stdin', 'data_b64': 'bHMK'}
[2025-09-28 05:28:54] recv: None
[2025-09-28 05:28:54] EOF from browser; exiting
[2025-09-28 05:28:58] host start pid=897597
[2025-09-28 05:28:58] recv: {'type': 'resize', 'cols': 111, 'rows': 60}
[2025-09-28 05:28:58] recv: {'type': 'open', 'cols': 111, 'rows': 60}
[2025-09-28 05:28:58] Spawning shell: /bin/bash [111x60]
[2025-09-28 05:28:58] recv: {'type': 'resize', 'cols': 111, 'rows': 60}
[2025-09-28 05:28:58] recv: {'type': 'stdin', 'data_b64': 'bHMK'}
[2025-09-28 05:29:05] recv: {'type': 'stdin', 'data_b64': 'bA=='}
[2025-09-28 05:29:05] recv: {'type': 'stdin', 'data_b64': 'YQ=='}
[2025-09-28 05:29:05] recv: {'type': 'stdin', 'data_b64': 'DQ=='}
[2025-09-28 05:30:00] recv: {'type': 'stdin', 'data_b64': 'Yw=='}
[2025-09-28 05:30:00] recv: {'type': 'stdin', 'data_b64': 'ZA=='}
[2025-09-28 05:30:00] recv: {'type': 'stdin', 'data_b64': 'IA=='}
[2025-09-28 05:30:01] recv: {'type': 'stdin', 'data_b64': 'fg=='}
[2025-09-28 05:30:01] recv: {'type': 'stdin', 'data_b64': 'DQ=='}
[2025-09-28 05:30:02] recv: {'type': 'stdin', 'data_b64': 'bA=='}
[2025-09-28 05:30:02] recv: {'type': 'stdin', 'data_b64': 'cw=='}
[2025-09-28 05:30:02] recv: {'type': 'stdin', 'data_b64': 'DQ=='}
[2025-09-28 05:30:09] recv: {'type': 'stdin', 'data_b64': 'bA=='}
[2025-09-28 05:30:09] recv: {'type': 'stdin', 'data_b64': 'cw=='}
[2025-09-28 05:30:09] recv: {'type': 'stdin', 'data_b64': 'DQ=='}
[2025-09-28 05:30:28] recv: None
[2025-09-28 05:30:28] EOF from browser; exiting
[2025-09-28 05:35:47] host start pid=898978
[2025-09-28 05:35:47] recv: {'type': 'resize', 'cols': 111, 'rows': 60}
[2025-09-28 05:35:47] recv: {'type': 'open', 'cols': 111, 'rows': 60}
[2025-09-28 05:35:47] Spawning shell: /bin/bash [111x60]
[2025-09-28 05:35:47] recv: {'type': 'resize', 'cols': 111, 'rows': 60}
[2025-09-28 05:35:47] recv: {'type': 'stdin', 'data_b64': 'bHMK'}
[2025-09-28 05:36:07] recv: None
[2025-09-28 05:36:07] EOF from browser; exiting
[2025-09-28 05:36:09] host start pid=899330
[2025-09-28 05:36:09] recv: {'type': 'open', 'cols': 111, 'rows': 60}
[2025-09-28 05:36:09] Spawning shell: /bin/bash [111x60]
[2025-09-28 05:36:09] recv: {'type': 'resize', 'cols': 111, 'rows': 60}
[2025-09-28 05:36:10] recv: {'type': 'resize', 'cols': 111, 'rows': 60}
[2025-09-28 05:36:11] recv: {'type': 'stdin', 'data_b64': 'bA=='}
[2025-09-28 05:36:11] recv: {'type': 'stdin', 'data_b64': 'cw=='}
[2025-09-28 05:36:11] recv: {'type': 'stdin', 'data_b64': 'DQ=='}
[2025-09-28 05:36:19] recv: {'type': 'stdin', 'data_b64': 'bA=='}
[2025-09-28 05:36:19] recv: {'type': 'stdin', 'data_b64': 'YQ=='}
[2025-09-28 05:36:19] recv: {'type': 'stdin', 'data_b64': 'DQ=='}
[2025-09-28 05:36:21] recv: None
[2025-09-28 05:36:21] EOF from browser; exiting
[2025-09-28 05:36:24] host start pid=899642
[2025-09-28 05:36:24] recv: {'type': 'open', 'cols': 111, 'rows': 60}
[2025-09-28 05:36:24] Spawning shell: /bin/bash [111x60]
[2025-09-28 05:36:24] recv: {'type': 'resize', 'cols': 111, 'rows': 60}
[2025-09-28 05:36:24] recv: {'type': 'resize', 'cols': 111, 'rows': 60}
[2025-09-28 05:38:42] recv: None
[2025-09-28 05:38:42] EOF from browser; exiting
[2025-09-28 05:38:44] host start pid=900226
[2025-09-28 05:38:44] recv: {'type': 'open', 'cols': 111, 'rows': 60}
[2025-09-28 05:38:44] Spawning shell: /bin/bash [111x60]
[2025-09-28 05:38:44] recv: {'type': 'resize', 'cols': 111, 'rows': 60}
[2025-09-28 05:38:45] recv: {'type': 'resize', 'cols': 111, 'rows': 60}
[2025-09-28 05:39:10] recv: None
[2025-09-28 05:39:10] EOF from browser; exiting
[2025-09-28 05:39:13] host start pid=900642
[2025-09-28 05:39:13] recv: {'type': 'open', 'cols': 111, 'rows': 60}
[2025-09-28 05:39:13] Spawning shell: /bin/bash [111x60]
[2025-09-28 05:39:13] recv: {'type': 'resize', 'cols': 111, 'rows': 60}
[2025-09-28 05:39:14] recv: {'type': 'resize', 'cols': 111, 'rows': 60}
[2025-09-28 05:40:59] recv: None
[2025-09-28 05:40:59] EOF from browser; exiting
[2025-09-28 05:41:04] host start pid=901192
[2025-09-28 05:41:04] recv: {'type': 'resize', 'cols': 111, 'rows': 60}
[2025-09-28 05:41:04] recv: {'type': 'open', 'cols': 111, 'rows': 60}
[2025-09-28 05:41:04] Spawning shell: /bin/bash [111x60]
[2025-09-28 05:41:04] recv: {'type': 'resize', 'cols': 111, 'rows': 60}
[2025-09-28 05:41:04] recv: {'type': 'stdin', 'data_b64': 'bHMK'}
[2025-09-28 05:41:08] recv: {'type': 'stdin', 'data_b64': 'ZA=='}
[2025-09-28 05:41:09] recv: {'type': 'stdin', 'data_b64': 'fw=='}
[2025-09-28 05:44:35] host start pid=901931
[2025-09-28 05:44:35] recv: {'type': 'ping'}
[2025-09-28 05:44:35] recv: None
[2025-09-28 05:44:35] EOF from browser; exiting
[2025-09-28 05:44:36] recv: None
[2025-09-28 05:44:36] EOF from browser; exiting
[2025-09-28 05:44:38] host start pid=901938
[2025-09-28 05:44:38] recv: {'type': 'ping'}
[2025-09-28 05:44:38] recv: None
[2025-09-28 05:44:38] EOF from browser; exiting
[2025-09-28 05:45:45] host start pid=902141
[2025-09-28 05:45:45] recv: {'type': 'open', 'cols': 111, 'rows': 60}
[2025-09-28 05:45:45] Spawning shell: /bin/bash [111x60]
[2025-09-28 05:45:45] recv: {'type': 'resize', 'cols': 111, 'rows': 60}
[2025-09-28 05:45:46] recv: {'type': 'resize', 'cols': 111, 'rows': 60}
[2025-09-28 05:46:48] host start pid=902515
[2025-09-28 05:46:48] recv: {'type': 'ping'}
[2025-09-28 05:46:48] recv: None
[2025-09-28 05:46:48] EOF from browser; exiting
[2025-09-28 05:47:17] recv: {'type': 'stdin', 'data_b64': 'ZWNobwo='}
[2025-09-28 05:48:31] recv: None
[2025-09-28 05:48:31] EOF from browser; exiting
[2025-09-28 05:48:35] host start pid=903037
[2025-09-28 05:48:35] recv: {'type': 'open', 'cols': 111, 'rows': 60}
[2025-09-28 05:48:35] Spawning shell: /bin/bash [111x60]
[2025-09-28 05:48:35] recv: {'type': 'resize', 'cols': 111, 'rows': 60}
[2025-09-28 05:48:36] recv: {'type': 'resize', 'cols': 111, 'rows': 60}
[2025-09-28 05:49:47] recv: None
[2025-09-28 05:49:47] EOF from browser; exiting
[2025-09-28 05:50:01] host start pid=903537
[2025-09-28 05:50:01] recv: {'type': 'open', 'cols': 111, 'rows': 60}
[2025-09-28 05:50:01] Spawning shell: /bin/bash [111x60]
[2025-09-28 05:50:01] recv: {'type': 'resize', 'cols': 111, 'rows': 60}
[2025-09-28 05:50:03] recv: {'type': 'resize', 'cols': 111, 'rows': 60}
[2025-09-28 05:50:32] recv: None
[2025-09-28 05:50:32] EOF from browser; exiting
[2025-09-28 05:50:49] host start pid=903943
[2025-09-28 05:50:49] recv: {'type': 'open', 'cols': 111, 'rows': 60}
[2025-09-28 05:50:49] Spawning shell: /bin/bash [111x60]
[2025-09-28 05:50:49] recv: {'type': 'resize', 'cols': 111, 'rows': 60}
[2025-09-28 05:50:50] recv: {'type': 'resize', 'cols': 111, 'rows': 60}
[2025-09-28 05:53:53] recv: None
[2025-09-28 05:53:53] EOF from browser; exiting
[2025-09-28 05:53:56] host start pid=905078
[2025-09-28 05:53:56] recv: {'type': 'open', 'cols': 111, 'rows': 60}
[2025-09-28 05:53:56] Spawning shell: /bin/bash [111x60]
[2025-09-28 05:53:56] recv: {'type': 'resize', 'cols': 111, 'rows': 60}
[2025-09-28 05:53:58] recv: {'type': 'resize', 'cols': 111, 'rows': 60}
[2025-09-28 05:54:13] host start pid=905398
[2025-09-28 05:54:13] recv: {'type': 'ping'}
[2025-09-28 05:54:13] recv: None
[2025-09-28 05:54:13] EOF from browser; exiting
[2025-09-28 05:55:26] recv: None
[2025-09-28 05:55:26] EOF from browser; exiting
[2025-09-28 05:55:26] host start pid=905510
[2025-09-28 05:55:26] recv: {'type': 'resize', 'cols': 111, 'rows': 60}
[2025-09-28 05:55:26] recv: {'type': 'open', 'cols': 111, 'rows': 60}
[2025-09-28 05:55:26] Spawning shell: /bin/bash [111x60]
[2025-09-28 05:55:26] recv: {'type': 'resize', 'cols': 111, 'rows': 60}
[2025-09-28 05:55:32] recv: {'type': 'stdin', 'data_b64': 'bA=='}
[2025-09-28 05:55:32] recv: {'type': 'stdin', 'data_b64': 'cw=='}
[2025-09-28 05:55:32] recv: {'type': 'stdin', 'data_b64': 'DQ=='}
[2025-09-28 05:55:35] recv: None
[2025-09-28 05:55:35] EOF from browser; exiting
[2025-09-28 05:55:35] host start pid=905816
[2025-09-28 05:55:35] recv: {'type': 'resize', 'cols': 111, 'rows': 60}
[2025-09-28 05:55:35] recv: {'type': 'open', 'cols': 111, 'rows': 60}
[2025-09-28 05:55:35] Spawning shell: /bin/bash [111x60]
[2025-09-28 05:55:35] recv: {'type': 'resize', 'cols': 111, 'rows': 60}
[2025-09-28 05:55:41] host start pid=906101
[2025-09-28 05:55:41] recv: {'type': 'resize', 'cols': 111, 'rows': 60}
[2025-09-28 05:55:41] recv: {'type': 'open', 'cols': 111, 'rows': 60}
[2025-09-28 05:55:41] Spawning shell: /bin/bash [111x60]
[2025-09-28 05:55:41] recv: {'type': 'resize', 'cols': 111, 'rows': 60}
[2025-09-28 05:55:42] recv: {'type': 'stdin', 'data_b64': 'bA=='}
[2025-09-28 05:55:42] recv: {'type': 'stdin', 'data_b64': 'cw=='}
[2025-09-28 05:55:43] recv: {'type': 'stdin', 'data_b64': 'DQ=='}
[2025-09-28 05:55:48] recv: None
[2025-09-28 05:55:48] EOF from browser; exiting
